Info: Starting: Create HDL design files for synthesis
Info: qsys-generate D:\Roman\work\sc_article\fpga_prj\sc_ex\jtag_to_pio\pd\jtag_to_pio_pd.qsys --synthesis=VERILOG --output-directory=D:\Roman\work\sc_article\fpga_prj\sc_ex\jtag_to_pio\pd\jtag_to_pio_pd\synthesis --family="Cyclone IV E" --part=EP4CE10E22A7
Progress: Loading pd/jtag_to_pio_pd.qsys
Progress: Reading input file
Progress: Adding clk_0 [clock_source 22.1]
Progress: Parameterizing module clk_0
Progress: Adding master_0 [altera_jtag_avalon_master 22.1]
Progress: Parameterizing module master_0
Progress: Adding pio_0 [altera_avalon_pio 22.1]
Progress: Parameterizing module pio_0
Progress: Building connections
Progress: Parameterizing connections
Progress: Validating
Progress: Done reading input file
Info: jtag_to_pio_pd: Generating jtag_to_pio_pd "jtag_to_pio_pd" for QUARTUS_SYNTH
Info: Interconnect is inserted between master master_0.master and slave pio_0.s1 because the master has address signal 32 bit wide, but the slave is 2 bit wide.
Info: Interconnect is inserted between master master_0.master and slave pio_0.s1 because the master has read signal 1 bit wide, but the slave is 0 bit wide.
Info: Interconnect is inserted between master master_0.master and slave pio_0.s1 because the master has waitrequest signal 1 bit wide, but the slave is 0 bit wide.
Info: Interconnect is inserted between master master_0.master and slave pio_0.s1 because the master has readdatavalid signal 1 bit wide, but the slave is 0 bit wide.
Info: Interconnect is inserted between master master_0.master and slave pio_0.s1 because the master has byteenable signal 4 bit wide, but the slave is 0 bit wide.
Info: master_0: "jtag_to_pio_pd" instantiated altera_jtag_avalon_master "master_0"
Info: pio_0: Starting RTL generation for module 'jtag_to_pio_pd_pio_0'
Info: pio_0:   Generation command is [exec C:/intelfpga/22.1std/quartus/bin64/perl/bin/perl.exe -I C:/intelfpga/22.1std/quartus/bin64/perl/lib -I C:/intelfpga/22.1std/quartus/sopc_builder/bin/europa -I C:/intelfpga/22.1std/quartus/sopc_builder/bin -I C:/intelfpga/22.1std/quartus/../ip/altera/sopc_builder_ip/common -I C:/intelfpga/22.1std/quartus/../ip/altera/sopc_builder_ip/altera_avalon_pio -- C:/intelfpga/22.1std/quartus/../ip/altera/sopc_builder_ip/altera_avalon_pio/generate_rtl.pl --name=jtag_to_pio_pd_pio_0 --dir=C:/Users/Vernin/AppData/Local/Temp/alt9935_892652612246679735.dir/0002_pio_0_gen/ --quartus_dir=C:/intelfpga/22.1std/quartus --verilog --config=C:/Users/Vernin/AppData/Local/Temp/alt9935_892652612246679735.dir/0002_pio_0_gen//jtag_to_pio_pd_pio_0_component_configuration.pl  --do_build_sim=0  ]
Info: pio_0: Done RTL generation for module 'jtag_to_pio_pd_pio_0'
Info: pio_0: "jtag_to_pio_pd" instantiated altera_avalon_pio "pio_0"
Info: mm_interconnect_0: "jtag_to_pio_pd" instantiated altera_mm_interconnect "mm_interconnect_0"
Info: rst_controller: "jtag_to_pio_pd" instantiated altera_reset_controller "rst_controller"
Info: jtag_phy_embedded_in_jtag_master: "master_0" instantiated altera_jtag_dc_streaming "jtag_phy_embedded_in_jtag_master"
Info: timing_adt: "master_0" instantiated timing_adapter "timing_adt"
Info: fifo: "master_0" instantiated altera_avalon_sc_fifo "fifo"
Info: b2p: "master_0" instantiated altera_avalon_st_bytes_to_packets "b2p"
Info: p2b: "master_0" instantiated altera_avalon_st_packets_to_bytes "p2b"
Info: transacto: "master_0" instantiated altera_avalon_packets_to_master "transacto"
Info: b2p_adapter: "master_0" instantiated channel_adapter "b2p_adapter"
Info: p2b_adapter: "master_0" instantiated channel_adapter "p2b_adapter"
Info: master_0_master_translator: "mm_interconnect_0" instantiated altera_merlin_master_translator "master_0_master_translator"
Info: pio_0_s1_translator: "mm_interconnect_0" instantiated altera_merlin_slave_translator "pio_0_s1_translator"
Info: jtag_to_pio_pd: Done "jtag_to_pio_pd" with 15 modules, 27 files
Info: qsys-generate succeeded.
Info: Finished: Create HDL design files for synthesis
